2023/03/05 16:22:23.985 [INFO] [org.springframework.boot.SpringApplication] 
  .   ____          _            __ _ _
 /\\ / ___'_ __ _ _(_)_ __  __ _ \ \ \ \
( ( )\___ | '_ | '_| | '_ \/ _` | \ \ \ \
 \\/  ___)| |_)| | | | | || (_| |  ) ) ) )
  '  |____| .__|_| |_|_| |_\__, | / / / /
 =========|_|==============|___/=/_/_/_/
 :: Spring Boot ::                (v2.7.4)


2023/03/05 16:22:24.018 [INFO] [com.sono.myproj.UtilsProjV2Application] Starting UtilsProjV2Application using Java 17.0.2 on entakuyanoMacBook-Air.local with PID 26681 (/Applications/Eclipse_2022-03.app/Contents/workspace/utils-proj-v2/target/classes started by entakuya in /Applications/Eclipse_2022-03.app/Contents/workspace/utils-proj-v2)
2023/03/05 16:22:24.019 [INFO] [com.sono.myproj.UtilsProjV2Application] No active profile set, falling back to 1 default profile: "default"
2023/03/05 16:22:24.517 [WARN] [org.mybatis.spring.mapper.ClassPathMapperScanner] No MyBatis mapper was found in '[com.sono.myproj]' package. Please check your configuration.
2023/03/05 16:22:25.406 [INFO] [org.flywaydb.core.internal.license.VersionPrinter] Flyway Community Edition 8.5.13 by Redgate
2023/03/05 16:22:25.406 [INFO] [org.flywaydb.core.internal.license.VersionPrinter] See what's new here: https://flywaydb.org/documentation/learnmore/releaseNotes#8.5.13
2023/03/05 16:22:25.406 [INFO] [org.flywaydb.core.internal.license.VersionPrinter] 
2023/03/05 16:22:25.411 [INFO] [com.zaxxer.hikari.HikariDataSource] HikariPool-1 - Starting...
2023/03/05 16:22:25.753 [INFO] [com.zaxxer.hikari.HikariDataSource] HikariPool-1 - Start completed.
2023/03/05 16:22:25.786 [INFO] [org.flywaydb.core.internal.database.base.BaseDatabaseType] Database: jdbc:mysql://localhost:3306/matcher (MySQL 8.0)
2023/03/05 16:22:25.917 [INFO] [org.flywaydb.core.internal.command.DbValidate] Successfully validated 1 migration (execution time 00:00.039s)
2023/03/05 16:22:25.939 [INFO] [org.flywaydb.core.internal.command.DbMigrate] Current version of schema `matcher`: 1
2023/03/05 16:22:25.941 [INFO] [org.flywaydb.core.internal.command.DbMigrate] Schema `matcher` is up to date. No migration necessary.
2023/03/05 16:22:26.223 [INFO] [com.sono.myproj.UtilsProjV2Application] Started UtilsProjV2Application in 2.648 seconds (JVM running for 3.502)
2023/03/05 16:22:26.230 [INFO] [com.sono.myproj.advice.MyProjectAdvice] Main Process Execution Started. : void com.sono.myproj.execute.ExecuteMainProcess.executeMainProcess(String[])
2023/03/05 16:22:26.245 [INFO] [com.sono.myproj.advice.MyProjectAdvice] method started. : void com.sono.myproj.proc.impl.RakutenProcess.execute(String[])
2023/03/05 16:22:26.252 [INFO] [com.sono.myproj.advice.MyProjectAdvice] method started. : void com.sono.myproj.proc.rakuten.logic.RakutenBusinessLogic.executeBusinessLogic()
2023/03/05 16:22:26.272 [INFO] [com.sono.myproj.proc.rakuten.logic.RakutenBusinessLogic] beforeProcess started.
2023/03/05 16:22:26.272 [INFO] [com.sono.myproj.proc.rakuten.logic.RakutenBusinessLogic] mainProcess started.
2023/03/05 16:22:26.272 [INFO] [com.sono.myproj.proc.rakuten.logic.RakutenBusinessLogic] afterProcess.started
2023/03/05 16:22:26.273 [INFO] [com.sono.myproj.advice.MyProjectAdvice] method ended successfully. : void com.sono.myproj.proc.rakuten.logic.RakutenBusinessLogic.executeBusinessLogic()
2023/03/05 16:22:26.273 [INFO] [com.sono.myproj.advice.MyProjectAdvice] method ended successfully. : void com.sono.myproj.proc.impl.RakutenProcess.execute(String[])
2023/03/05 16:22:26.273 [INFO] [com.sono.myproj.advice.MyProjectAdvice] Main Process Execution Ended Successfully. : void com.sono.myproj.execute.ExecuteMainProcess.executeMainProcess(String[])
2023/03/05 16:22:26.275 [INFO] [com.zaxxer.hikari.HikariDataSource] HikariPool-1 - Shutdown initiated...
2023/03/05 16:22:26.296 [INFO] [com.zaxxer.hikari.HikariDataSource] HikariPool-1 - Shutdown completed.
2023/03/05 16:24:46.455 [INFO] [org.springframework.boot.SpringApplication] 
  .   ____          _            __ _ _
 /\\ / ___'_ __ _ _(_)_ __  __ _ \ \ \ \
( ( )\___ | '_ | '_| | '_ \/ _` | \ \ \ \
 \\/  ___)| |_)| | | | | || (_| |  ) ) ) )
  '  |____| .__|_| |_|_| |_\__, | / / / /
 =========|_|==============|___/=/_/_/_/
 :: Spring Boot ::                (v2.7.4)


2023/03/05 16:24:46.487 [INFO] [com.sono.myproj.UtilsProjV2Application] Starting UtilsProjV2Application using Java 17.0.2 on entakuyanoMacBook-Air.local with PID 26689 (/Applications/Eclipse_2022-03.app/Contents/workspace/utils-proj-v2/target/classes started by entakuya in /Applications/Eclipse_2022-03.app/Contents/workspace/utils-proj-v2)
2023/03/05 16:24:46.488 [INFO] [com.sono.myproj.UtilsProjV2Application] No active profile set, falling back to 1 default profile: "default"
2023/03/05 16:24:47.023 [WARN] [org.mybatis.spring.mapper.ClassPathMapperScanner] No MyBatis mapper was found in '[com.sono.myproj]' package. Please check your configuration.
2023/03/05 16:24:47.929 [INFO] [org.flywaydb.core.internal.license.VersionPrinter] Flyway Community Edition 8.5.13 by Redgate
2023/03/05 16:24:47.930 [INFO] [org.flywaydb.core.internal.license.VersionPrinter] See what's new here: https://flywaydb.org/documentation/learnmore/releaseNotes#8.5.13
2023/03/05 16:24:47.930 [INFO] [org.flywaydb.core.internal.license.VersionPrinter] 
2023/03/05 16:24:47.935 [INFO] [com.zaxxer.hikari.HikariDataSource] HikariPool-1 - Starting...
2023/03/05 16:24:48.238 [INFO] [com.zaxxer.hikari.HikariDataSource] HikariPool-1 - Start completed.
2023/03/05 16:24:48.275 [INFO] [org.flywaydb.core.internal.database.base.BaseDatabaseType] Database: jdbc:mysql://localhost:3306/matcher (MySQL 8.0)
2023/03/05 16:24:48.368 [INFO] [org.flywaydb.core.internal.command.DbValidate] Successfully validated 1 migration (execution time 00:00.034s)
2023/03/05 16:24:48.395 [INFO] [org.flywaydb.core.internal.command.DbMigrate] Current version of schema `matcher`: 1
2023/03/05 16:24:48.397 [INFO] [org.flywaydb.core.internal.command.DbMigrate] Schema `matcher` is up to date. No migration necessary.
2023/03/05 16:24:48.679 [INFO] [com.sono.myproj.UtilsProjV2Application] Started UtilsProjV2Application in 2.61 seconds (JVM running for 3.547)
2023/03/05 16:24:48.684 [INFO] [com.sono.myproj.advice.MyProjectAdvice] Main Process Execution Started. : void com.sono.myproj.execute.ExecuteMainProcess.executeMainProcess(String[])
2023/03/05 16:24:48.700 [INFO] [com.sono.myproj.advice.MyProjectAdvice] method started. : void com.sono.myproj.proc.impl.RakutenProcess.execute(String[])
2023/03/05 16:24:48.706 [INFO] [com.sono.myproj.advice.MyProjectAdvice] method started. : void com.sono.myproj.proc.rakuten.logic.RakutenBusinessLogic.executeBusinessLogic()
2023/03/05 16:24:48.722 [INFO] [com.sono.myproj.proc.rakuten.logic.RakutenBusinessLogic] beforeProcess started.
2023/03/05 16:24:48.722 [INFO] [com.sono.myproj.proc.rakuten.logic.RakutenBusinessLogic] mainProcess started.
2023/03/05 16:24:48.722 [INFO] [com.sono.myproj.proc.rakuten.logic.RakutenBusinessLogic] afterProcess.started
2023/03/05 16:24:48.722 [INFO] [com.sono.myproj.advice.MyProjectAdvice] method ended successfully. : void com.sono.myproj.proc.rakuten.logic.RakutenBusinessLogic.executeBusinessLogic()
2023/03/05 16:24:48.722 [INFO] [com.sono.myproj.advice.MyProjectAdvice] method ended successfully. : void com.sono.myproj.proc.impl.RakutenProcess.execute(String[])
2023/03/05 16:24:48.722 [INFO] [com.sono.myproj.advice.MyProjectAdvice] Main Process Execution Ended Successfully. : void com.sono.myproj.execute.ExecuteMainProcess.executeMainProcess(String[])
2023/03/05 16:24:48.725 [INFO] [com.zaxxer.hikari.HikariDataSource] HikariPool-1 - Shutdown initiated...
2023/03/05 16:24:48.748 [INFO] [com.zaxxer.hikari.HikariDataSource] HikariPool-1 - Shutdown completed.
