2023/03/07 00:33:21.599 [WARN] [com.zaxxer.hikari.pool.HikariPool] HikariPool-1 - Thread starvation or clock leap detected (housekeeper delta=1h23m37s64ms).
2023/03/07 01:57:36.277 [WARN] [com.zaxxer.hikari.pool.HikariPool] HikariPool-1 - Thread starvation or clock leap detected (housekeeper delta=1h24m14s678ms).
2023/03/07 03:04:23.458 [WARN] [com.zaxxer.hikari.pool.HikariPool] HikariPool-1 - Thread starvation or clock leap detected (housekeeper delta=1h6m47s180ms).
2023/03/07 04:30:56.776 [WARN] [com.zaxxer.hikari.pool.HikariPool] HikariPool-1 - Thread starvation or clock leap detected (housekeeper delta=1h26m33s319ms).
2023/03/07 05:51:11.647 [WARN] [com.zaxxer.hikari.pool.HikariPool] HikariPool-1 - Thread starvation or clock leap detected (housekeeper delta=1h20m14s871ms).
2023/03/07 07:18:51.921 [WARN] [com.zaxxer.hikari.pool.HikariPool] HikariPool-1 - Thread starvation or clock leap detected (housekeeper delta=1h27m40s274ms).
2023/03/07 07:52:17.621 [WARN] [com.zaxxer.hikari.pool.HikariPool] HikariPool-1 - Thread starvation or clock leap detected (housekeeper delta=33m25s700ms).
2023/03/07 07:56:16.635 [WARN] [com.zaxxer.hikari.pool.HikariPool] HikariPool-1 - Thread starvation or clock leap detected (housekeeper delta=3m59s14ms).
2023/03/07 07:57:16.525 [INFO] [com.sono.myproj.proc.rakuten.logic.RakutenBusinessLogic] mainProcess started.
2023/03/07 07:57:16.526 [INFO] [com.sono.myproj.proc.rakuten.logic.RakutenBusinessLogic] afterProcess.started
2023/03/07 07:57:16.527 [INFO] [com.sono.myproj.advice.MyProjectAdvice] method ended successfully. : void com.sono.myproj.proc.rakuten.logic.RakutenBusinessLogic.executeBusinessLogic()
2023/03/07 07:57:16.527 [INFO] [com.sono.myproj.advice.MyProjectAdvice] method ended successfully. : void com.sono.myproj.proc.impl.RakutenProcess.execute(String[])
2023/03/07 07:57:16.527 [INFO] [com.sono.myproj.advice.MyProjectAdvice] Main Process Execution Ended Successfully. : void com.sono.myproj.execute.ExecuteMainProcess.executeMainProcess(String[])
2023/03/07 07:57:16.539 [INFO] [com.zaxxer.hikari.HikariDataSource] HikariPool-1 - Shutdown initiated...
2023/03/07 07:57:16.579 [INFO] [com.zaxxer.hikari.HikariDataSource] HikariPool-1 - Shutdown completed.
2023/03/07 08:01:17.204 [INFO] [org.springframework.boot.SpringApplication] 
  .   ____          _            __ _ _
 /\\ / ___'_ __ _ _(_)_ __  __ _ \ \ \ \
( ( )\___ | '_ | '_| | '_ \/ _` | \ \ \ \
 \\/  ___)| |_)| | | | | || (_| |  ) ) ) )
  '  |____| .__|_| |_|_| |_\__, | / / / /
 =========|_|==============|___/=/_/_/_/
 :: Spring Boot ::                (v2.7.4)


2023/03/07 08:01:17.264 [INFO] [com.sono.myproj.UtilsProjV2Application] Starting UtilsProjV2Application using Java 17.0.2 on entakuyanoAir with PID 29218 (/Applications/Eclipse_2022-03.app/Contents/workspace/utils-proj-v2/target/classes started by entakuya in /Applications/Eclipse_2022-03.app/Contents/workspace/utils-proj-v2)
2023/03/07 08:01:17.265 [INFO] [com.sono.myproj.UtilsProjV2Application] No active profile set, falling back to 1 default profile: "default"
2023/03/07 08:01:17.824 [WARN] [org.mybatis.spring.mapper.ClassPathMapperScanner] No MyBatis mapper was found in '[com.sono.myproj]' package. Please check your configuration.
2023/03/07 08:01:18.843 [INFO] [org.flywaydb.core.internal.license.VersionPrinter] Flyway Community Edition 8.5.13 by Redgate
2023/03/07 08:01:18.843 [INFO] [org.flywaydb.core.internal.license.VersionPrinter] See what's new here: https://flywaydb.org/documentation/learnmore/releaseNotes#8.5.13
2023/03/07 08:01:18.843 [INFO] [org.flywaydb.core.internal.license.VersionPrinter] 
2023/03/07 08:01:18.850 [INFO] [com.zaxxer.hikari.HikariDataSource] HikariPool-1 - Starting...
2023/03/07 08:01:19.184 [INFO] [com.zaxxer.hikari.HikariDataSource] HikariPool-1 - Start completed.
2023/03/07 08:01:19.224 [INFO] [org.flywaydb.core.internal.database.base.BaseDatabaseType] Database: jdbc:mysql://localhost:3306/matcher (MySQL 8.0)
2023/03/07 08:01:19.344 [INFO] [org.flywaydb.core.internal.command.DbValidate] Successfully validated 1 migration (execution time 00:00.042s)
2023/03/07 08:01:19.369 [INFO] [org.flywaydb.core.internal.command.DbMigrate] Current version of schema `matcher`: 1
2023/03/07 08:01:19.372 [INFO] [org.flywaydb.core.internal.command.DbMigrate] Schema `matcher` is up to date. No migration necessary.
2023/03/07 08:01:19.639 [INFO] [com.sono.myproj.UtilsProjV2Application] Started UtilsProjV2Application in 2.86 seconds (JVM running for 4.193)
2023/03/07 08:01:19.646 [INFO] [com.sono.myproj.advice.MyProjectAdvice] Main Process Execution Started. : void com.sono.myproj.execute.ExecuteMainProcess.executeMainProcess(String[])
2023/03/07 08:01:19.653 [INFO] [com.sono.myproj.advice.MyProjectAdvice] method started. : void com.sono.myproj.proc.impl.RakutenProcess.execute(String[])
2023/03/07 08:01:19.663 [INFO] [com.sono.myproj.advice.MyProjectAdvice] method started. : void com.sono.myproj.proc.rakuten.logic.RakutenBusinessLogic.executeBusinessLogic()
2023/03/07 08:01:19.679 [INFO] [com.sono.myproj.proc.rakuten.logic.RakutenBusinessLogic] beforeProcess started.
2023/03/07 08:40:23.739 [WARN] [com.zaxxer.hikari.pool.HikariPool] HikariPool-1 - Thread starvation or clock leap detected (housekeeper delta=16m22s66ms).
2023/03/07 09:05:40.053 [WARN] [com.zaxxer.hikari.pool.HikariPool] HikariPool-1 - Thread starvation or clock leap detected (housekeeper delta=5m15s987ms).
2023/03/07 09:56:38.344 [WARN] [com.zaxxer.hikari.pool.HikariPool] HikariPool-1 - Thread starvation or clock leap detected (housekeeper delta=50m58s292ms).
2023/03/07 11:35:31.844 [WARN] [com.zaxxer.hikari.pool.HikariPool] HikariPool-1 - Thread starvation or clock leap detected (housekeeper delta=1h38m53s500ms).
2023/03/07 12:06:17.962 [WARN] [com.zaxxer.hikari.pool.HikariPool] HikariPool-1 - Thread starvation or clock leap detected (housekeeper delta=30m46s115ms).
2023/03/07 12:21:17.538 [WARN] [com.zaxxer.hikari.pool.HikariPool] HikariPool-1 - Retrograde clock change detected (housekeeper delta=29s477ms), soft-evicting connections from pool.
2023/03/07 13:25:36.853 [WARN] [com.zaxxer.hikari.pool.HikariPool] HikariPool-1 - Thread starvation or clock leap detected (housekeeper delta=48m19s111ms).
2023/03/07 15:04:04.650 [WARN] [com.zaxxer.hikari.pool.HikariPool] HikariPool-1 - Thread starvation or clock leap detected (housekeeper delta=1h38m27s798ms).
2023/03/07 16:43:24.971 [WARN] [com.zaxxer.hikari.pool.HikariPool] HikariPool-1 - Thread starvation or clock leap detected (housekeeper delta=1h39m20s321ms).
2023/03/07 18:07:29.071 [WARN] [com.zaxxer.hikari.pool.HikariPool] HikariPool-1 - Thread starvation or clock leap detected (housekeeper delta=1h24m4s100ms).
2023/03/07 18:55:37.709 [WARN] [com.zaxxer.hikari.pool.HikariPool] HikariPool-1 - Thread starvation or clock leap detected (housekeeper delta=48m8s637ms).
2023/03/07 19:43:21.986 [WARN] [com.zaxxer.hikari.pool.HikariPool] HikariPool-1 - Thread starvation or clock leap detected (housekeeper delta=3m14s76ms).
2023/03/07 19:53:25.680 [WARN] [com.zaxxer.hikari.pool.HikariPool] HikariPool-1 - Thread starvation or clock leap detected (housekeeper delta=10m3s695ms).
2023/03/07 20:39:04.045 [INFO] [org.springframework.boot.admin.SpringApplicationAdminMXBeanRegistrar$SpringApplicationAdmin] Application shutdown requested.
2023/03/07 20:39:04.080 [INFO] [com.zaxxer.hikari.HikariDataSource] HikariPool-1 - Shutdown initiated...
2023/03/07 20:39:04.123 [INFO] [com.zaxxer.hikari.HikariDataSource] HikariPool-1 - Shutdown completed.
